<?xml version="1.0" encoding="UTF-8"?>
<!-- Generated by org.testng.reporters.JUnitReportReporter -->
<testsuite hostname="Dhruva-PC" failures="0" tests="1" name="com.qt.testrunners.BaseRunner" time="16.564" errors="0" timestamp="2022-03-16T17:29:12 GMT" skipped="0">
  <testcase classname="com.qt.testrunners.BaseRunner" name="runScenario" time="16.564"/>
  <system-out/>
</testsuite> <!-- com.qt.testrunners.BaseRunner -->
